2025-09-06 11:47:00 | WARN | repo=pv243-a4m36jee-2018-security-seminar | action=commit
2025-01-11 19:56:00 | INFO | repo=pv243-a4m36jee-2018-security-seminar | action=commit
2025-01-16 20:33:00 | DEBUG | repo=pv243-a4m36jee-2018-security-seminar | action=pull
2025-05-28 18:58:00 | INFO | repo=pv243-a4m36jee-2018-security-seminar | action=commit
2025-10-02 17:46:00 | DEBUG | repo=pv243-a4m36jee-2018-security-seminar | action=commit
2025-04-12 07:21:00 | WARN | repo=pv243-a4m36jee-2018-security-seminar | action=commit
2025-07-06 12:03:00 | WARN | repo=pv243-a4m36jee-2018-security-seminar | action=commit
2025-04-11 07:38:00 | WARN | repo=pv243-a4m36jee-2018-security-seminar | action=commit
2025-05-17 20:47:00 | WARN | repo=pv243-a4m36jee-2018-security-seminar | action=commit
2025-04-22 15:13:00 | INFO | repo=pv243-a4m36jee-2018-security-seminar | action=commit
2025-11-15 14:23:00 | DEBUG | repo=pv243-a4m36jee-2018-security-seminar | action=edit | files=5
2025-09-04 19:07:00 | DEBUG | repo=pv243-a4m36jee-2018-security-seminar | action=commit
2025-12-12 10:53:00 | INFO | repo=pv243-a4m36jee-2018-security-seminar | action=commit
2025-04-23 20:13:00 | INFO | repo=pv243-a4m36jee-2018-security-seminar | action=commit
2025-12-23 19:20:00 | DEBUG | repo=pv243-a4m36jee-2018-security-seminar | action=edit | files=3
2025-08-08 18:29:00 | DEBUG | repo=pv243-a4m36jee-2018-security-seminar | action=commit
2025-04-28 19:19:00 | WARN | repo=pv243-a4m36jee-2018-security-seminar | action=commit
2025-07-27 08:17:00 | DEBUG | repo=pv243-a4m36jee-2018-security-seminar | action=commit
2025-07-04 20:16:00 | INFO | repo=pv243-a4m36jee-2018-security-seminar | action=commit
2025-10-21 07:04:00 | INFO | repo=pv243-a4m36jee-2018-security-seminar | action=commit
2025-03-22 16:00:00 | WARN | repo=pv243-a4m36jee-2018-security-seminar | action=commit
2025-07-26 18:27:00 | WARN | repo=pv243-a4m36jee-2018-security-seminar | action=commit
2025-06-24 20:02:00 | WARN | repo=pv243-a4m36jee-2018-security-seminar | action=commit
2025-08-23 15:54:00 | WARN | repo=pv243-a4m36jee-2018-security-seminar | action=commit
2025-08-21 10:59:00 | WARN | repo=pv243-a4m36jee-2018-security-seminar | action=commit
2025-11-11 19:18:00 | WARN | repo=pv243-a4m36jee-2018-security-seminar | action=test | passed=true
2025-08-06 07:33:00 | INFO | repo=pv243-a4m36jee-2018-security-seminar | action=test | passed=true
2025-05-27 18:14:00 | DEBUG | repo=pv243-a4m36jee-2018-security-seminar | action=commit
2025-10-09 15:00:00 | DEBUG | repo=pv243-a4m36jee-2018-security-seminar | action=commit
2025-10-20 16:54:00 | INFO | repo=pv243-a4m36jee-2018-security-seminar | action=commit
2025-10-24 19:02:00 | DEBUG | repo=pv243-a4m36jee-2018-security-seminar | action=commit
2025-03-25 09:15:00 | DEBUG | repo=pv243-a4m36jee-2018-security-seminar | action=edit | files=1
2025-07-13 15:29:00 | INFO | repo=pv243-a4m36jee-2018-security-seminar | action=commit
2025-04-03 09:00:00 | DEBUG | repo=pv243-a4m36jee-2018-security-seminar | action=commit
2025-04-12 07:40:00 | WARN | repo=pv243-a4m36jee-2018-security-seminar | action=pull
2025-03-21 18:44:00 | DEBUG | repo=pv243-a4m36jee-2018-security-seminar | action=edit | files=1
2025-05-25 13:16:00 | WARN | repo=pv243-a4m36jee-2018-security-seminar | action=commit
2025-03-27 15:21:00 | DEBUG | repo=pv243-a4m36jee-2018-security-seminar | action=commit
2025-09-10 15:42:00 | INFO | repo=pv243-a4m36jee-2018-security-seminar | action=commit
2025-01-11 08:03:00 | INFO | repo=pv243-a4m36jee-2018-security-seminar | action=commit
2025-04-03 16:10:00 | DEBUG | repo=pv243-a4m36jee-2018-security-seminar | action=test | passed=true
2025-07-20 21:16:00 | INFO | repo=pv243-a4m36jee-2018-security-seminar | action=commit
2025-11-24 08:44:00 | INFO | repo=pv243-a4m36jee-2018-security-seminar | action=commit
2025-09-03 07:30:00 | DEBUG | repo=pv243-a4m36jee-2018-security-seminar | action=commit
2025-01-14 10:46:00 | DEBUG | repo=pv243-a4m36jee-2018-security-seminar | action=commit
2025-08-09 19:53:00 | INFO | repo=pv243-a4m36jee-2018-security-seminar | action=commit
2025-11-16 20:51:00 | WARN | repo=pv243-a4m36jee-2018-security-seminar | action=commit
2025-12-17 20:07:00 | INFO | repo=pv243-a4m36jee-2018-security-seminar | action=test | passed=true
2025-04-07 07:29:00 | INFO | repo=pv243-a4m36jee-2018-security-seminar | action=commit
2025-07-17 10:56:00 | WARN | repo=pv243-a4m36jee-2018-security-seminar | action=commit
2025-08-01 07:25:00 | WARN | repo=pv243-a4m36jee-2018-security-seminar | action=pull
2025-07-11 09:15:00 | WARN | repo=pv243-a4m36jee-2018-security-seminar | action=commit
2025-07-15 16:08:00 | DEBUG | repo=pv243-a4m36jee-2018-security-seminar | action=commit
